e:\aaaa大三下学期\软件工程\作业\2个人项目作业\intersectproject\src\intersect\intersect\debug\vc142.pdb
e:\aaaa大三下学期\软件工程\作业\2个人项目作业\intersectproject\src\intersect\intersect\debug\vc142.idb
e:\aaaa大三下学期\软件工程\作业\2个人项目作业\intersectproject\src\intersect\intersect\debug\main.nativecodeanalysis.sarif
e:\aaaa大三下学期\软件工程\作业\2个人项目作业\intersectproject\src\intersect\intersect\debug\main.nativecodeanalysis.xml
e:\aaaa大三下学期\软件工程\作业\2个人项目作业\intersectproject\src\intersect\intersect\debug\calculator.nativecodeanalysis.sarif
e:\aaaa大三下学期\软件工程\作业\2个人项目作业\intersectproject\src\intersect\intersect\debug\calculator.nativecodeanalysis.xml
e:\aaaa大三下学期\软件工程\作业\2个人项目作业\intersectproject\src\intersect\intersect\debug\calculator.obj
e:\aaaa大三下学期\软件工程\作业\2个人项目作业\intersectproject\src\intersect\intersect\debug\main.obj
e:\aaaa大三下学期\软件工程\作业\2个人项目作业\intersectproject\src\intersect\intersect\debug\point.nativecodeanalysis.sarif
e:\aaaa大三下学期\软件工程\作业\2个人项目作业\intersectproject\src\intersect\intersect\debug\point.nativecodeanalysis.xml
e:\aaaa大三下学期\软件工程\作业\2个人项目作业\intersectproject\src\intersect\intersect\debug\point.obj
e:\aaaa大三下学期\软件工程\作业\2个人项目作业\intersectproject\src\intersect\debug\intersect.exe
e:\aaaa大三下学期\软件工程\作业\2个人项目作业\intersectproject\src\intersect\debug\intersect.ilk
e:\aaaa大三下学期\软件工程\作业\2个人项目作业\intersectproject\src\intersect\debug\intersect.pdb
e:\aaaa大三下学期\软件工程\作业\2个人项目作业\intersectproject\src\intersect\intersect\debug\nativecodeanalysis.read.1.tlog
e:\aaaa大三下学期\软件工程\作业\2个人项目作业\intersectproject\src\intersect\intersect\debug\vc.nativecodeanalysis.all.xml
e:\aaaa大三下学期\软件工程\作业\2个人项目作业\intersectproject\src\intersect\debug\intersect.exe.lastcodeanalysissucceeded
e:\aaaa大三下学期\软件工程\作业\2个人项目作业\intersectproject\src\intersect\intersect\debug\intersect.tlog\cl.command.1.tlog
e:\aaaa大三下学期\软件工程\作业\2个人项目作业\intersectproject\src\intersect\intersect\debug\intersect.tlog\cl.read.1.tlog
e:\aaaa大三下学期\软件工程\作业\2个人项目作业\intersectproject\src\intersect\intersect\debug\intersect.tlog\cl.write.1.tlog
e:\aaaa大三下学期\软件工程\作业\2个人项目作业\intersectproject\src\intersect\intersect\debug\intersect.tlog\link.command.1.tlog
e:\aaaa大三下学期\软件工程\作业\2个人项目作业\intersectproject\src\intersect\intersect\debug\intersect.tlog\link.read.1.tlog
e:\aaaa大三下学期\软件工程\作业\2个人项目作业\intersectproject\src\intersect\intersect\debug\intersect.tlog\link.write.1.tlog
